<?xml version="1.0" encoding="UTF-8"?>
<!-- Generated by org.testng.reporters.JUnitXMLReporter -->
<testsuite hostname="BIPACH" name="hghhh" tests="4" failures="1" timestamp="27 Dec 2017 03:15:00 GMT" time="59.294" errors="0">
  <testcase name="launchApplication" time="0.061" classname="MuMavenProject.ecommercewebsite.End2End_RegisteredUser_OrderItem"/>
  <testcase name="signin" time="5.762" classname="MuMavenProject.ecommercewebsite.End2End_RegisteredUser_OrderItem"/>
  <testcase name="createaccount" time="6.592" classname="MuMavenProject.ecommercewebsite.End2End_RegisteredUser_OrderItem"/>
  <testcase name="itemshopping" time="2.193" classname="MuMavenProject.ecommercewebsite.End2End_RegisteredUser_OrderItem">
    <failure type="java.lang.AssertionError" message="expected [firstitemselected] but found [false]">
      <![CDATA[java.lang.AssertionError: expected [firstitemselected] but found [false]
	at MuMavenProject.ecommercewebsite.productaddtocart.selectfirstitem(productaddtocart.java:87)
	at MuMavenProject.ecommercewebsite.productaddtocart.selectproduct(productaddtocart.java:123)
	at MuMavenProject.ecommercewebsite.End2End_RegisteredUser_OrderItem.itemshopping(End2End_RegisteredUser_OrderItem.java:80)
... Removed 28 stack frames]]>
    </failure>
  </testcase> <!-- itemshopping -->
</testsuite> <!-- hghhh -->
